<?xml version="1.0" encoding="UTF-8"?>
<!-- Generated by org.testng.reporters.JUnitXMLReporter -->
<testsuite hostname="RAMESH" ignored="0" name="PrimusBankTest" tests="1" failures="1" timestamp="31 Aug 2022 10:02:23 GMT" time="5.19" errors="0">
  <testcase name="startTest" time="5.17" classname="driverFactory.DriverScript">
    <failure type="java.io.FileNotFoundException" message="D:\120clockselenium\Hybrid_FrameWork\TestResults\HybridResults.xlsx (The process cannot access the file because it is being used by another process)">
      <![CDATA[java.io.FileNotFoundException: D:\120clockselenium\Hybrid_FrameWork\TestResults\HybridResults.xlsx (The process cannot access the file because it is being used by another process)
at java.io.FileOutputStream.open0(Native Method)
at java.io.FileOutputStream.open(Unknown Source)
at java.io.FileOutputStream.<init>(Unknown Source)
at java.io.FileOutputStream.<init>(Unknown Source)
at utilities.ExcelFileUtil.setCellData(ExcelFileUtil.java:93)
at driverFactory.DriverScript.startTest(DriverScript.java:101)
... Removed 24 stack frames]]>
    </failure>
  </testcase> <!-- startTest -->
</testsuite> <!-- PrimusBankTest -->
